[2025/03/03 00:47:27]: §9          __             _       
[2025/03/03 00:47:27]: §9  _ __   / /  ___   __ _(_)_ __  
[2025/03/03 00:47:27]: §9 | '_ \ / /  / _ \ / _` | | '_ \ 
[2025/03/03 00:47:27]: §9 | | | / /__| (_) | (_| | | | | |
[2025/03/03 00:47:27]: §9 |_| |_\____/\___/ \__, |_|_| |_|
[2025/03/03 00:47:27]: §9                  |___/            
[2025/03/03 00:47:27]: §9 By: www.nickuc.com - V 10.4.21
[2025/03/03 00:47:27]: §9 
[2025/03/03 00:47:27]: §3[nLogin] [DEBUG] All settings were loaded in 101 ms.
[2025/03/03 00:47:27]: §3[nLogin] [DEBUG] Loading the messages_en.yml message file...
[2025/03/03 00:47:27]: §3[nLogin] [DEBUG] All plugin messages were loaded in 50 ms (languageByClient=false).
[2025/03/03 00:47:27]: §3[nLogin] [DEBUG] All proxy settings were loaded in 1 ms.
[2025/03/03 00:47:27]: §3[nLogin] [DEBUG] Loading database...
[2025/03/03 00:47:28]: §3[nLogin] [DEBUG] Starting logger filter...
[2025/03/03 00:47:48]: 
[2025/03/03 00:47:48]:  §bThank you so much for choosing nLogin! §4<3
[2025/03/03 00:47:48]: 
[2025/03/03 00:47:48]:  §4For your safety, please read the message below:
[2025/03/03 00:47:48]:   §cNever download nLogin from unknown sources.
[2025/03/03 00:47:48]:   §cA modified version may contain malicious software.
[2025/03/03 00:47:48]: 
[2025/03/03 00:47:48]:  §3Trusted sources:
[2025/03/03 00:47:48]:   §bwww.nickuc.com
[2025/03/03 00:47:48]:   §bwww.github.com/nickuc
[2025/03/03 00:47:48]:   §bOpeNLogin installer (from Spigot or GitHub)
[2025/03/03 00:47:48]: 
[2025/03/03 00:47:48]:  §3Official support channels:
[2025/03/03 00:47:48]:   §bDiscord group: §fwww.nickuc.com/discord
[2025/03/03 00:47:48]:   §bDocumentation: §fdocs.nickuc.com/nlogin/
[2025/03/03 00:47:48]:   §bEmail: §fsupport@nickuc.com
[2025/03/03 00:47:48]:   §bYouTube: §fyoutube.com/nickuc
[2025/03/03 00:47:48]: 
[2025/03/03 00:47:48]:  §eTo remove this warning, log in with "nlogin.admin" permission on the server
[2025/03/03 00:47:48]:  §eand click the "Setup plugin" button to configure your plugin.
[2025/03/03 00:47:48]: 
[2025/03/03 00:49:20]: §3[nLogin] [DEBUG] [SQLite] [UPDATE]: "INSERT INTO `nlogin` (`last_name`, `unique_id`, `mojang_id`, `bedrock_id`, `password`, `last_ip`, `creation_date`, `last_seen`, `email`, `discord`, `settings`) VALUES ('Ar_Hamsst', 963b5c4bfb543f36ab5c8607756143db, null, null, '$2a$10$7zBJDu9WnlIfLlB3aoCzU.4OWTQZeB3y5saeKmyyG56X6m0Oi1oJi', '127.70.24.116', '2025-03-03 00:49:20.363', '2025-03-03 00:49:20.363', null, null, '{"settings":[{"value":true,"key":"force-invalid-session"}],"version":0}')" (applied to all columns)
[2025/03/03 00:49:20]: [nLogin] The user Ar_Hamsst has successfully registered.
